# JRE version: OpenJDK Runtime Environment (17.0.2+8) (build 17.0.2+8-86)
# Java VM: OpenJDK 64-Bit Server VM (17.0.2+8-86, mixed mode, sharing, tiered, compressed oops, compressed class ptrs, g1 gc, windows-amd64)
GC Precious Log:
 CPUs: 8 total, 8 available
 Memory: 15741M
 Large Page Support: Disabled
 NUMA Support: Disabled
 Compressed Oops: Enabled (Zero based)
 Heap Region Size: 2M
 Heap Min Capacity: 8M
 Heap Initial Capacity: 246M
 Heap Max Capacity: 3936M
 Pre-touch: Disabled
 Parallel Workers: 8
 Concurrent Workers: 2
 Concurrent Refinement Workers: 8
 Periodic GC: Disabled
Heap:
 garbage-first heap   total 90112K, used 51150K [0x000000070a000000, 0x0000000800000000)
  region size 2048K, 17 young (34816K), 1 survivors (2048K)
 Metaspace       used 24630K, committed 24960K, reserved 1073152K
  class space    used 3396K, committed 3584K, reserved 1048576K
GC Heap History (12 events):
Event: 0.431 GC heap before
{Heap before GC invocations=0 (full 0):
 garbage-first heap   total 251904K, used 20480K [0x000000070a000000, 0x0000000800000000)
  region size 2048K, 11 young (22528K), 0 survivors (0K)
 Metaspace       used 1217K, committed 1408K, reserved 1056768K
  class space    used 87K, committed 192K, reserved 1048576K
}
Event: 0.434 GC heap after
{Heap after GC invocations=1 (full 0):
 garbage-first heap   total 251904K, used 4658K [0x000000070a000000, 0x0000000800000000)
  region size 2048K, 2 young (4096K), 2 survivors (4096K)
 Metaspace       used 1217K, committed 1408K, reserved 1056768K
  class space    used 87K, committed 192K, reserved 1048576K
}
Event: 1.003 GC heap before
{Heap before GC invocations=1 (full 0):
 garbage-first heap   total 251904K, used 35378K [0x000000070a000000, 0x0000000800000000)
  region size 2048K, 17 young (34816K), 2 survivors (4096K)
 Metaspace       used 9767K, committed 9984K, reserved 1064960K
  class space    used 1290K, committed 1408K, reserved 1048576K
}
Event: 1.008 GC heap after
{Heap after GC invocations=2 (full 0):
 garbage-first heap   total 251904K, used 9774K [0x000000070a000000, 0x0000000800000000)
  region size 2048K, 3 young (6144K), 3 survivors (6144K)
 Metaspace       used 9767K, committed 9984K, reserved 1064960K
  class space    used 1290K, committed 1408K, reserved 1048576K
}
Event: 2.932 GC heap before
{Heap before GC invocations=2 (full 0):
 garbage-first heap   total 251904K, used 69166K [0x000000070a000000, 0x0000000800000000)
  region size 2048K, 31 young (63488K), 3 survivors (6144K)
 Metaspace       used 20553K, committed 20864K, reserved 1073152K
  class space    used 2980K, committed 3136K, reserved 1048576K
}
Event: 2.940 GC heap after
{Heap after GC invocations=3 (full 0):
 garbage-first heap   total 251904K, used 20701K [0x000000070a000000, 0x0000000800000000)
  region size 2048K, 4 young (8192K), 4 survivors (8192K)
 Metaspace       used 20553K, committed 20864K, reserved 1073152K
  class space    used 2980K, committed 3136K, reserved 1048576K
}
Event: 6.529 GC heap before
{Heap before GC invocations=3 (full 0):
 garbage-first heap   total 251904K, used 24797K [0x000000070a000000, 0x0000000800000000)
  region size 2048K, 7 young (14336K), 4 survivors (8192K)
 Metaspace       used 21263K, committed 21504K, reserved 1073152K
  class space    used 3019K, committed 3136K, reserved 1048576K
}
Event: 6.534 GC heap after
{Heap after GC invocations=4 (full 0):
 garbage-first heap   total 251904K, used 21214K [0x000000070a000000, 0x0000000800000000)
  region size 2048K, 5 young (10240K), 5 survivors (10240K)
 Metaspace       used 21263K, committed 21504K, reserved 1073152K
  class space    used 3019K, committed 3136K, reserved 1048576K
}
Event: 6.843 GC heap before
{Heap before GC invocations=5 (full 0):
 garbage-first heap   total 90112K, used 64222K [0x000000070a000000, 0x0000000800000000)
  region size 2048K, 26 young (53248K), 5 survivors (10240K)
 Metaspace       used 22981K, committed 23296K, reserved 1073152K
  class space    used 3186K, committed 3328K, reserved 1048576K
}
Event: 6.848 GC heap after
{Heap after GC invocations=6 (full 0):
 garbage-first heap   total 90112K, used 22439K [0x000000070a000000, 0x0000000800000000)
  region size 2048K, 1 young (2048K), 1 survivors (2048K)
 Metaspace       used 22981K, committed 23296K, reserved 1073152K
  class space    used 3186K, committed 3328K, reserved 1048576K
}
Event: 6.876 GC heap before
{Heap before GC invocations=6 (full 0):
 garbage-first heap   total 90112K, used 24487K [0x000000070a000000, 0x0000000800000000)
  region size 2048K, 2 young (4096K), 1 survivors (2048K)
 Metaspace       used 23390K, committed 23680K, reserved 1073152K
  class space    used 3189K, committed 3328K, reserved 1048576K
}
Event: 6.878 GC heap after
{Heap after GC invocations=7 (full 0):
 garbage-first heap   total 90112K, used 22478K [0x000000070a000000, 0x0000000800000000)
  region size 2048K, 1 young (2048K), 1 survivors (2048K)
 Metaspace       used 23390K, committed 23680K, reserved 1073152K
  class space    used 3189K, committed 3328K, reserved 1048576K
}

